This file contains any messages produced by compilers while
running configure, to aid debugging if configure makes a mistake.

It was created by xautomation configure 1.05, which was
generated by GNU Autoconf 2.66.  Invocation command line was

  $ ./configure 

## --------- ##
## Platform. ##
## --------- ##

hostname = localhost.localdomain
uname -m = i686
uname -r = 2.6.35.6-45.fc14.i686.PAE
uname -s = Linux
uname -v = #1 SMP Mon Oct 18 23:49:30 UTC 2010

/usr/bin/uname -p = unknown
/bin/uname -X     = unknown

/bin/arch              = i686
/usr/bin/arch -k       = unknown
/usr/convex/getsysinfo = unknown
/usr/bin/hostinfo      = unknown
/bin/machine           = unknown
/usr/bin/oslevel       = unknown
/bin/universe          = unknown

PATH: /usr/lib/qt-3.3/bin
PATH: /usr/lib/ccache
PATH: /usr/local/bin
PATH: /usr/bin
PATH: /bin
PATH: /usr/local/sbin
PATH: /usr/sbin
PATH: /sbin
PATH: /home/tomy/bin


## ----------- ##
## Core tests. ##
## ----------- ##

configure:2160: checking for a BSD-compatible install
configure:2228: result: /usr/bin/install -c
configure:2239: checking whether build environment is sane
configure:2289: result: yes
configure:2430: checking for a thread-safe mkdir -p
configure:2469: result: /bin/mkdir -p
configure:2482: checking for gawk
configure:2498: found /usr/bin/gawk
configure:2509: result: gawk
configure:2520: checking whether make sets $(MAKE)
configure:2542: result: yes
configure:2675: checking for gcc
configure:2691: found /usr/lib/ccache/gcc
configure:2702: result: gcc
configure:2931: checking for C compiler version
configure:2940: gcc --version >&5
gcc (GCC) 4.5.1 20100924 (Red Hat 4.5.1-4)
Copyright (C) 2010 Free Software Foundation, Inc.
This is free software; see the source for copying conditions.  There is NO
warranty; not even for MERCHANTABILITY or FITNESS FOR A PARTICULAR PURPOSE.

configure:2951: $? = 0
configure:2940: gcc -v >&5
Using built-in specs.
COLLECT_GCC=/usr/bin/gcc
COLLECT_LTO_WRAPPER=/usr/libexec/gcc/i686-redhat-linux/4.5.1/lto-wrapper
Target: i686-redhat-linux
Configured with: ../configure --prefix=/usr --mandir=/usr/share/man --infodir=/usr/share/info --with-bugurl=http://bugzilla.redhat.com/bugzilla --enable-bootstrap --enable-shared --enable-threads=posix --enable-checking=release --with-system-zlib --enable-__cxa_atexit --disable-libunwind-exceptions --enable-gnu-unique-object --enable-linker-build-id --enable-languages=c,c++,objc,obj-c++,java,fortran,ada,lto --enable-plugin --enable-java-awt=gtk --disable-dssi --with-java-home=/usr/lib/jvm/java-1.5.0-gcj-1.5.0.0/jre --enable-libgcj-multifile --enable-java-maintainer-mode --with-ecj-jar=/usr/share/java/eclipse-ecj.jar --disable-libjava-multilib --with-ppl --with-cloog --with-tune=generic --with-arch=i686 --build=i686-redhat-linux
Thread model: posix
gcc version 4.5.1 20100924 (Red Hat 4.5.1-4) (GCC) 
configure:2951: $? = 0
configure:2940: gcc -V >&5
gcc: '-V' option must have argument
configure:2951: $? = 1
configure:2940: gcc -qversion >&5
gcc: unrecognized option '-qversion'
gcc: no input files
configure:2951: $? = 1
configure:2971: checking whether the C compiler works
configure:2993: gcc    conftest.c  >&5
configure:2997: $? = 0
configure:3045: result: yes
configure:3048: checking for C compiler default output file name
configure:3050: result: a.out
configure:3056: checking for suffix of executables
configure:3063: gcc -o conftest    conftest.c  >&5
configure:3067: $? = 0
configure:3089: result: 
configure:3111: checking whether we are cross compiling
configure:3119: gcc -o conftest    conftest.c  >&5
configure:3123: $? = 0
configure:3130: ./conftest
configure:3134: $? = 0
configure:3149: result: no
configure:3154: checking for suffix of object files
configure:3176: gcc -c   conftest.c >&5
configure:3180: $? = 0
configure:3201: result: o
configure:3205: checking whether we are using the GNU C compiler
configure:3224: gcc -c   conftest.c >&5
configure:3224: $? = 0
configure:3233: result: yes
configure:3242: checking whether gcc accepts -g
configure:3262: gcc -c -g  conftest.c >&5
configure:3262: $? = 0
configure:3303: result: yes
configure:3320: checking for gcc option to accept ISO C89
configure:3384: gcc  -c -g -O2  conftest.c >&5
configure:3384: $? = 0
configure:3397: result: none needed
configure:3428: checking for style of include used by make
configure:3456: result: GNU
configure:3481: checking dependency style of gcc
configure:3591: result: gcc3
configure:3612: checking how to run the C preprocessor
configure:3643: gcc -E  conftest.c
configure:3643: $? = 0
configure:3657: gcc -E  conftest.c
conftest.c:12:28: fatal error: ac_nonexistent.h: No such file or directory
compilation terminated.
configure:3657: $? = 1
configure: failed program was:
| /* confdefs.h */
| #define PACKAGE_NAME "xautomation"
| #define PACKAGE_TARNAME "xautomation"
| #define PACKAGE_VERSION "1.05"
| #define PACKAGE_STRING "xautomation 1.05"
| #define PACKAGE_BUGREPORT ""
| #define PACKAGE_URL ""
| #define PACKAGE "xautomation"
| #define VERSION "1.05"
| #define DEBUG_A_LOO 1
| /* end confdefs.h.  */
| #include <ac_nonexistent.h>
configure:3682: result: gcc -E
configure:3702: gcc -E  conftest.c
configure:3702: $? = 0
configure:3716: gcc -E  conftest.c
conftest.c:12:28: fatal error: ac_nonexistent.h: No such file or directory
compilation terminated.
configure:3716: $? = 1
configure: failed program was:
| /* confdefs.h */
| #define PACKAGE_NAME "xautomation"
| #define PACKAGE_TARNAME "xautomation"
| #define PACKAGE_VERSION "1.05"
| #define PACKAGE_STRING "xautomation 1.05"
| #define PACKAGE_BUGREPORT ""
| #define PACKAGE_URL ""
| #define PACKAGE "xautomation"
| #define VERSION "1.05"
| #define DEBUG_A_LOO 1
| /* end confdefs.h.  */
| #include <ac_nonexistent.h>
configure:3745: checking for X
configure:3853: gcc -E  conftest.c
configure:3853: $? = 0
configure:3884: gcc -o conftest -g -O2   conftest.c -lX11  >&5
configure:3884: $? = 0
configure:3934: result: libraries , headers 
configure:4033: gcc -o conftest -g -O2   conftest.c   -lX11 >&5
configure:4033: $? = 0
configure:4131: checking for gethostbyname
configure:4131: gcc -o conftest -g -O2   conftest.c  >&5
configure:4131: $? = 0
configure:4131: result: yes
configure:4228: checking for connect
configure:4228: gcc -o conftest -g -O2   conftest.c  >&5
configure:4228: $? = 0
configure:4228: result: yes
configure:4277: checking for remove
configure:4277: gcc -o conftest -g -O2   conftest.c  >&5
configure:4277: $? = 0
configure:4277: result: yes
configure:4326: checking for shmat
configure:4326: gcc -o conftest -g -O2   conftest.c  >&5
configure:4326: $? = 0
configure:4326: result: yes
configure:4384: checking for IceConnectionNumber in -lICE
configure:4409: gcc -o conftest -g -O2   conftest.c -lICE   >&5
configure:4409: $? = 0
configure:4418: result: yes
configure:4431: checking for png_read_info in -lpng
configure:4456: gcc -o conftest -g -O2   conftest.c -lpng   >&5
configure:4456: $? = 0
configure:4465: result: yes
configure:4481: checking for grep that handles long lines and -e
configure:4539: result: /bin/grep
configure:4544: checking for egrep
configure:4606: result: /bin/grep -E
configure:4611: checking for ANSI C header files
configure:4631: gcc -c -g -O2  conftest.c >&5
configure:4631: $? = 0
configure:4704: gcc -o conftest -g -O2   conftest.c  >&5
configure:4704: $? = 0
configure:4704: ./conftest
configure:4704: $? = 0
configure:4715: result: yes
configure:4728: checking for sys/types.h
configure:4728: gcc -c -g -O2  conftest.c >&5
configure:4728: $? = 0
configure:4728: result: yes
configure:4728: checking for sys/stat.h
configure:4728: gcc -c -g -O2  conftest.c >&5
configure:4728: $? = 0
configure:4728: result: yes
configure:4728: checking for stdlib.h
configure:4728: gcc -c -g -O2  conftest.c >&5
configure:4728: $? = 0
configure:4728: result: yes
configure:4728: checking for string.h
configure:4728: gcc -c -g -O2  conftest.c >&5
configure:4728: $? = 0
configure:4728: result: yes
configure:4728: checking for memory.h
configure:4728: gcc -c -g -O2  conftest.c >&5
configure:4728: $? = 0
configure:4728: result: yes
configure:4728: checking for strings.h
configure:4728: gcc -c -g -O2  conftest.c >&5
configure:4728: $? = 0
configure:4728: result: yes
configure:4728: checking for inttypes.h
configure:4728: gcc -c -g -O2  conftest.c >&5
configure:4728: $? = 0
configure:4728: result: yes
configure:4728: checking for stdint.h
configure:4728: gcc -c -g -O2  conftest.c >&5
configure:4728: $? = 0
configure:4728: result: yes
configure:4728: checking for unistd.h
configure:4728: gcc -c -g -O2  conftest.c >&5
configure:4728: $? = 0
configure:4728: result: yes
configure:4743: checking for stdlib.h
configure:4743: result: yes
configure:4743: checking for unistd.h
configure:4743: result: yes
configure:4743: checking wchar.h usability
configure:4743: gcc -c -g -O2  conftest.c >&5
configure:4743: $? = 0
configure:4743: result: yes
configure:4743: checking wchar.h presence
configure:4743: gcc -E  conftest.c
configure:4743: $? = 0
configure:4743: result: yes
configure:4743: checking for wchar.h
configure:4743: result: yes
configure:4743: checking locale.h usability
configure:4743: gcc -c -g -O2  conftest.c >&5
configure:4743: $? = 0
configure:4743: result: yes
configure:4743: checking locale.h presence
configure:4743: gcc -E  conftest.c
configure:4743: $? = 0
configure:4743: result: yes
configure:4743: checking for locale.h
configure:4743: result: yes
configure:4755: checking for an ANSI C-conforming const
configure:4820: gcc -c -g -O2  conftest.c >&5
configure:4820: $? = 0
configure:4827: result: yes
configure:4839: checking for stdlib.h
configure:4839: result: yes
configure:4849: checking for GNU libc compatible malloc
configure:4873: gcc -o conftest -g -O2   conftest.c  >&5
configure:4873: $? = 0
configure:4873: ./conftest
configure:4873: $? = 0
configure:4883: result: yes
configure:4907: checking for bzero
configure:4907: gcc -o conftest -g -O2   conftest.c  >&5
conftest.c:52:6: warning: conflicting types for built-in function 'bzero'
configure:4907: $? = 0
configure:4907: result: yes
configure:4907: checking for wmemset
configure:4907: gcc -o conftest -g -O2   conftest.c  >&5
configure:4907: $? = 0
configure:4907: result: yes
configure:4907: checking for mbstowcs
configure:4907: gcc -o conftest -g -O2   conftest.c  >&5
configure:4907: $? = 0
configure:4907: result: yes
configure:5074: creating ./config.status

## ---------------------- ##
## Running config.status. ##
## ---------------------- ##

This file was extended by xautomation config.status 1.05, which was
generated by GNU Autoconf 2.66.  Invocation command line was

  CONFIG_FILES    = 
  CONFIG_HEADERS  = 
  CONFIG_LINKS    = 
  CONFIG_COMMANDS = 
  $ ./config.status 

on localhost.localdomain

config.status:781: creating Makefile
config.status:952: executing depfiles commands

## ---------------- ##
## Cache variables. ##
## ---------------- ##

ac_cv_c_compiler_gnu=yes
ac_cv_c_const=yes
ac_cv_env_CC_set=
ac_cv_env_CC_value=
ac_cv_env_CFLAGS_set=
ac_cv_env_CFLAGS_value=
ac_cv_env_CPPFLAGS_set=
ac_cv_env_CPPFLAGS_value=
ac_cv_env_CPP_set=
ac_cv_env_CPP_value=
ac_cv_env_LDFLAGS_set=
ac_cv_env_LDFLAGS_value=
ac_cv_env_LIBS_set=
ac_cv_env_LIBS_value=
ac_cv_env_XMKMF_set=
ac_cv_env_XMKMF_value=
ac_cv_env_build_alias_set=
ac_cv_env_build_alias_value=
ac_cv_env_host_alias_set=
ac_cv_env_host_alias_value=
ac_cv_env_target_alias_set=
ac_cv_env_target_alias_value=
ac_cv_func_bzero=yes
ac_cv_func_connect=yes
ac_cv_func_gethostbyname=yes
ac_cv_func_malloc_0_nonnull=yes
ac_cv_func_mbstowcs=yes
ac_cv_func_remove=yes
ac_cv_func_shmat=yes
ac_cv_func_wmemset=yes
ac_cv_have_x='have_x=yes	ac_x_includes='\'''\''	ac_x_libraries='\'''\'''
ac_cv_header_inttypes_h=yes
ac_cv_header_locale_h=yes
ac_cv_header_memory_h=yes
ac_cv_header_stdc=yes
ac_cv_header_stdint_h=yes
ac_cv_header_stdlib_h=yes
ac_cv_header_string_h=yes
ac_cv_header_strings_h=yes
ac_cv_header_sys_stat_h=yes
ac_cv_header_sys_types_h=yes
ac_cv_header_unistd_h=yes
ac_cv_header_wchar_h=yes
ac_cv_lib_ICE_IceConnectionNumber=yes
ac_cv_lib_png_png_read_info=yes
ac_cv_objext=o
ac_cv_path_EGREP='/bin/grep -E'
ac_cv_path_GREP=/bin/grep
ac_cv_path_install='/usr/bin/install -c'
ac_cv_path_mkdir=/bin/mkdir
ac_cv_prog_AWK=gawk
ac_cv_prog_CPP='gcc -E'
ac_cv_prog_ac_ct_CC=gcc
ac_cv_prog_cc_c89=
ac_cv_prog_cc_g=yes
ac_cv_prog_make_make_set=yes
am_cv_CC_dependencies_compiler_type=gcc3

## ----------------- ##
## Output variables. ##
## ----------------- ##

ACLOCAL='${SHELL} /home/tomy/Documents/work/xautomation-1.05/missing --run aclocal-1.11'
AMDEPBACKSLASH='\'
AMDEP_FALSE='#'
AMDEP_TRUE=''
AMTAR='${SHELL} /home/tomy/Documents/work/xautomation-1.05/missing --run tar'
AUTOCONF='${SHELL} /home/tomy/Documents/work/xautomation-1.05/missing --run autoconf'
AUTOHEADER='${SHELL} /home/tomy/Documents/work/xautomation-1.05/missing --run autoheader'
AUTOMAKE='${SHELL} /home/tomy/Documents/work/xautomation-1.05/missing --run automake-1.11'
AWK='gawk'
CC='gcc'
CCDEPMODE='depmode=gcc3'
CFLAGS='-g -O2'
CPP='gcc -E'
CPPFLAGS=''
CYGPATH_W='echo'
DEFS='-DPACKAGE_NAME=\"xautomation\" -DPACKAGE_TARNAME=\"xautomation\" -DPACKAGE_VERSION=\"1.05\" -DPACKAGE_STRING=\"xautomation\ 1.05\" -DPACKAGE_BUGREPORT=\"\" -DPACKAGE_URL=\"\" -DPACKAGE=\"xautomation\" -DVERSION=\"1.05\" -DDEBUG_A_LOO=1 -DHAVE_LIBPNG=1 -DSTDC_HEADERS=1 -DHAVE_SYS_TYPES_H=1 -DHAVE_SYS_STAT_H=1 -DHAVE_STDLIB_H=1 -DHAVE_STRING_H=1 -DHAVE_MEMORY_H=1 -DHAVE_STRINGS_H=1 -DHAVE_INTTYPES_H=1 -DHAVE_STDINT_H=1 -DHAVE_UNISTD_H=1 -DHAVE_STDLIB_H=1 -DHAVE_UNISTD_H=1 -DHAVE_WCHAR_H=1 -DHAVE_LOCALE_H=1 -DHAVE_STDLIB_H=1 -DHAVE_MALLOC=1 -DHAVE_BZERO=1 -DHAVE_WMEMSET=1 -DHAVE_MBSTOWCS=1'
DEPDIR='.deps'
ECHO_C=''
ECHO_N='-n'
ECHO_T=''
EGREP='/bin/grep -E'
EXEEXT=''
GREP='/bin/grep'
INSTALL_DATA='${INSTALL} -m 644'
INSTALL_PROGRAM='${INSTALL}'
INSTALL_SCRIPT='${INSTALL}'
INSTALL_STRIP_PROGRAM='$(install_sh) -c -s'
LDFLAGS=''
LIBOBJS=''
LIBS=''
LTLIBOBJS=''
MAKEINFO='${SHELL} /home/tomy/Documents/work/xautomation-1.05/missing --run makeinfo'
MKDIR_P='/bin/mkdir -p'
OBJEXT='o'
PACKAGE='xautomation'
PACKAGE_BUGREPORT=''
PACKAGE_NAME='xautomation'
PACKAGE_STRING='xautomation 1.05'
PACKAGE_TARNAME='xautomation'
PACKAGE_URL=''
PACKAGE_VERSION='1.05'
PATH_SEPARATOR=':'
SET_MAKE=''
SHELL='/bin/sh'
STRIP=''
VERSION='1.05'
XMKMF=''
X_CFLAGS=''
X_EXTRA_LIBS=''
X_LIBS=''
X_PRE_LIBS=' -lSM -lICE'
ac_ct_CC='gcc'
am__EXEEXT_FALSE=''
am__EXEEXT_TRUE='#'
am__fastdepCC_FALSE='#'
am__fastdepCC_TRUE=''
am__include='include'
am__isrc=''
am__leading_dot='.'
am__quote=''
am__tar='${AMTAR} chof - "$$tardir"'
am__untar='${AMTAR} xf -'
bindir='${exec_prefix}/bin'
build_alias=''
datadir='${datarootdir}'
datarootdir='${prefix}/share'
docdir='${datarootdir}/doc/${PACKAGE_TARNAME}'
dvidir='${docdir}'
exec_prefix='${prefix}'
host_alias=''
htmldir='${docdir}'
includedir='${prefix}/include'
infodir='${datarootdir}/info'
install_sh='${SHELL} /home/tomy/Documents/work/xautomation-1.05/install-sh'
libdir='${exec_prefix}/lib'
libexecdir='${exec_prefix}/libexec'
localedir='${datarootdir}/locale'
localstatedir='${prefix}/var'
mandir='${datarootdir}/man'
mkdir_p='/bin/mkdir -p'
oldincludedir='/usr/include'
pdfdir='${docdir}'
prefix='/usr/local'
program_transform_name='s,x,x,'
psdir='${docdir}'
sbindir='${exec_prefix}/sbin'
sharedstatedir='${prefix}/com'
sysconfdir='${prefix}/etc'
target_alias=''

## ----------- ##
## confdefs.h. ##
## ----------- ##

/* confdefs.h */
#define PACKAGE_NAME "xautomation"
#define PACKAGE_TARNAME "xautomation"
#define PACKAGE_VERSION "1.05"
#define PACKAGE_STRING "xautomation 1.05"
#define PACKAGE_BUGREPORT ""
#define PACKAGE_URL ""
#define PACKAGE "xautomation"
#define VERSION "1.05"
#define DEBUG_A_LOO 1
#define HAVE_LIBPNG 1
#define STDC_HEADERS 1
#define HAVE_SYS_TYPES_H 1
#define HAVE_SYS_STAT_H 1
#define HAVE_STDLIB_H 1
#define HAVE_STRING_H 1
#define HAVE_MEMORY_H 1
#define HAVE_STRINGS_H 1
#define HAVE_INTTYPES_H 1
#define HAVE_STDINT_H 1
#define HAVE_UNISTD_H 1
#define HAVE_STDLIB_H 1
#define HAVE_UNISTD_H 1
#define HAVE_WCHAR_H 1
#define HAVE_LOCALE_H 1
#define HAVE_STDLIB_H 1
#define HAVE_MALLOC 1
#define HAVE_BZERO 1
#define HAVE_WMEMSET 1
#define HAVE_MBSTOWCS 1

configure: exit 0
